<?xml version="1.0" encoding="UTF-8"?>
<!-- Generated by org.testng.reporters.JUnitXMLReporter -->
<testsuite ignored="2" hostname="AYUSH-GAMP" failures="0" tests="1" name="Default test" time="2.447" errors="0" timestamp="2025-04-15T12:31:21 IST">
  <testcase classname="newLearning.LoginHRM" name="openBrowserAndRedirect" time="1.273"/>
  <testcase classname="newLearning.LoginHRM" name="LoginIntoPage" time="0.0">
    <ignored/>
  </testcase> <!-- LoginIntoPage -->
  <testcase classname="newLearning.LoginHRM" name="getUsernameAndPassword" time="0.0">
    <ignored/>
  </testcase> <!-- getUsernameAndPassword -->
</testsuite> <!-- Default test -->
