<?xml version="1.0" encoding="UTF-8"?>
<!-- Generated by org.testng.reporters.JUnitXMLReporter -->
<testsuite ignored="0" hostname="AYUSH-GAMP" failures="0" tests="3" name="LoginTestWithDataProvider" time="16.457" errors="0" timestamp="2025-04-14T13:37:49 IST">
  <testcase classname="learning.DataProviderClass" name="loginToWebsite" time="2.206"/>
  <testcase classname="learning.DataProviderClass" name="loginToWebsite" time="2.185"/>
  <testcase classname="learning.DataProviderClass" name="loginToWebsite" time="2.161"/>
</testsuite> <!-- LoginTestWithDataProvider -->
