<?xml version="1.0" encoding="UTF-8"?>
<!-- Generated by org.testng.reporters.JUnitXMLReporter -->
<testsuite ignored="0" hostname="AYUSH-GAMP" failures="0" tests="3" name="LoginHRM" time="5.363" errors="0" timestamp="2025-04-17T10:23:57 IST">
  <testcase classname="newLearning.LoginHRM" name="openBrowserAndRedirect" time="2.509"/>
  <testcase classname="newLearning.LoginHRM" name="LoginIntoPage" time="0.122"/>
  <testcase classname="newLearning.LoginHRM" name="loginVerification" time="0.963"/>
</testsuite> <!-- LoginHRM -->
