<?xml version="1.0" encoding="UTF-8"?>
<!-- Generated by org.testng.reporters.JUnitXMLReporter -->
<testsuite ignored="0" hostname="AYUSH-GAMP" failures="0" tests="3" name="LoginHRM" time="4.598" errors="0" timestamp="2025-04-15T15:21:36 IST">
  <testcase classname="newLearning.LoginHRM" name="openBrowserAndRedirect" time="2.607"/>
  <testcase classname="newLearning.LoginHRM" name="getUsernameAndPassword" time="0.603"/>
  <testcase classname="newLearning.LoginHRM" name="LoginIntoPage" time="0.124"/>
</testsuite> <!-- LoginHRM -->
