<?xml version="1.0" encoding="UTF-8"?>
<!-- Generated by org.testng.reporters.JUnitXMLReporter -->
<testsuite ignored="0" hostname="AYUSH-GAMP" failures="0" tests="3" name="OrangeHRM" time="5.416" errors="0" timestamp="2025-04-17T11:14:27 IST">
  <testcase classname="newLearning.LoginHRM" name="openBrowserAndRedirect" time="2.517"/>
  <testcase classname="newLearning.LoginHRM" name="LoginIntoPage" time="0.151"/>
  <testcase classname="newLearning.LoginHRM" name="loginVerification" time="0.963"/>
</testsuite> <!-- OrangeHRM -->
