<?xml version="1.0" encoding="UTF-8"?>
<!-- Generated by org.testng.reporters.JUnitXMLReporter -->
<testsuite ignored="0" hostname="AYUSH-GAMP" failures="0" tests="6" name="Test" time="7.705" errors="0" timestamp="2025-04-14T13:48:58 IST">
  <testcase classname="newLearning.TestNGLearning" name="methodOne" time="0.007"/>
  <testcase classname="newLearning.TestNGLearning" name="chromeBrowserOpen" time="1.803"/>
  <testcase classname="newLearning.TestNGLearning" name="firefoxBrowserOpen" time="2.17"/>
  <testcase classname="newLearning.TestNGLearning" name="edgeBrowserOpen" time="1.515"/>
  <testcase classname="newLearning.ClassForParallelExecution" name="methodRunInParallel" time="0.001"/>
  <testcase classname="newLearning.ClassForParallelExecution" name="methodForNumericAddition" time="0.001"/>
</testsuite> <!-- Test -->
