<?xml version="1.0" encoding="UTF-8"?>
<!-- Generated by org.testng.reporters.JUnitXMLReporter -->
<testsuite ignored="0" hostname="AYUSH-GAMP" failures="0" tests="6" name="Test" time="9.398" errors="0" timestamp="2025-04-14T18:27:09 IST">
  <testcase classname="newLearning.TestNGLearning" name="methodOne" time="0.006"/>
  <testcase classname="newLearning.ClassForParallelExecution" name="methodRunInParallel" time="0.009"/>
  <testcase classname="newLearning.ClassForParallelExecution" name="methodForNumericAddition" time="0.001"/>
  <testcase classname="newLearning.TestNGLearning" name="chromeBrowserOpen" time="1.809"/>
  <testcase classname="newLearning.TestNGLearning" name="firefoxBrowserOpen" time="2.415"/>
  <testcase classname="newLearning.TestNGLearning" name="edgeBrowserOpen" time="3.117"/>
</testsuite> <!-- Test -->
