<?xml version="1.0" encoding="UTF-8"?>
<testng-results ignored="0" total="3" passed="3" failed="0" skipped="0">
  <reporter-output>
  </reporter-output>
  <suite started-at="2025-04-15T15:21:31 IST" name="Suite" finished-at="2025-04-15T15:21:36 IST" duration-ms="4598">
    <groups>
    </groups>
    <test started-at="2025-04-15T15:21:31 IST" name="LoginHRM" finished-at="2025-04-15T15:21:36 IST" duration-ms="4598">
      <class name="newLearning.LoginHRM">
        <test-method signature="openBrowserAndRedirect(java.lang.String)[pri:1, instance:newLearning.LoginHRM@4cf8b2dc]" started-at="2025-04-15T15:21:31 IST" name="openBrowserAndRedirect" finished-at="2025-04-15T15:21:34 IST" duration-ms="2607" status="PASS">
          <params>
            <param index="0">
              <value>
                <![CDATA[https://opensource-demo.orangehrmlive.com/web/index.php/auth/login]]>
              </value>
            </param>
          </params>
          <reporter-output>
          </reporter-output>
        </test-method> <!-- openBrowserAndRedirect -->
        <test-method signature="getUsernameAndPassword()[pri:2, instance:newLearning.LoginHRM@4cf8b2dc]" started-at="2025-04-15T15:21:34 IST" name="getUsernameAndPassword" finished-at="2025-04-15T15:21:35 IST" duration-ms="603" status="PASS">
          <reporter-output>
          </reporter-output>
        </test-method> <!-- getUsernameAndPassword -->
        <test-method signature="LoginIntoPage(java.lang.String,java.lang.String)[pri:3, instance:newLearning.LoginHRM@4cf8b2dc]" started-at="2025-04-15T15:21:35 IST" name="LoginIntoPage" finished-at="2025-04-15T15:21:35 IST" duration-ms="124" status="PASS">
          <params>
            <param index="0">
              <value>
                <![CDATA[Admin]]>
              </value>
            </param>
            <param index="1">
              <value>
                <![CDATA[admin123]]>
              </value>
            </param>
          </params>
          <reporter-output>
          </reporter-output>
        </test-method> <!-- LoginIntoPage -->
        <test-method is-config="true" signature="closeBrowser()[pri:0, instance:newLearning.LoginHRM@4cf8b2dc]" started-at="2025-04-15T15:21:35 IST" name="closeBrowser" finished-at="2025-04-15T15:21:36 IST" duration-ms="1236" status="PASS">
          <reporter-output>
          </reporter-output>
        </test-method> <!-- closeBrowser -->
      </class> <!-- newLearning.LoginHRM -->
    </test> <!-- LoginHRM -->
  </suite> <!-- Suite -->
</testng-results>
