<?xml version="1.0" encoding="UTF-8"?>
<!-- Generated by org.testng.reporters.JUnitReportReporter -->
<testsuite hostname="AYUSH-GAMP" failures="0" tests="2" name="newLearning.ClassForParallelExecution" time="0.010" errors="0" timestamp="2025-04-14T18:27:09 IST" skipped="0">
  <testcase classname="newLearning.ClassForParallelExecution" name="methodRunInParallel" time="0.009"/>
  <testcase classname="newLearning.ClassForParallelExecution" name="methodForNumericAddition" time="0.001"/>
</testsuite> <!-- newLearning.ClassForParallelExecution -->
