<?xml version="1.0" encoding="UTF-8"?>
<!-- Generated by org.testng.reporters.JUnitReportReporter -->
<testsuite hostname="Ayushs-Laptop.local" failures="0" tests="3" name="newLearning.LoginHRM" time="10.372" errors="0" timestamp="2025-04-29T18:47:30 IST" skipped="0">
  <testcase classname="newLearning.LoginHRM" name="openBrowserAndRedirect" time="6.767"/>
  <testcase classname="newLearning.LoginHRM" name="LoginIntoPage" time="1.820"/>
  <testcase classname="newLearning.LoginHRM" name="loginVerification" time="1.785"/>
</testsuite> <!-- newLearning.LoginHRM -->
