<?xml version="1.0" encoding="UTF-8"?>
<!-- Generated by org.testng.reporters.JUnitReportReporter -->
<testsuite hostname="Ayushs-Laptop.local" failures="0" tests="3" name="newLearning.LoginHRM" time="8.790" errors="0" timestamp="2025-04-29T11:19:08 IST" skipped="0">
  <testcase classname="newLearning.LoginHRM" name="openBrowserAndRedirect" time="4.273"/>
  <testcase classname="newLearning.LoginHRM" name="LoginIntoPage" time="2.438"/>
  <testcase classname="newLearning.LoginHRM" name="loginVerification" time="2.079"/>
</testsuite> <!-- newLearning.LoginHRM -->
