<?xml version="1.0" encoding="UTF-8"?>
<!-- Generated by org.testng.reporters.JUnitReportReporter -->
<testsuite hostname="Ayushs-Laptop.local" failures="0" tests="2" name="newLearning.ClassForParallelExecution" time="0.005" errors="0" timestamp="2025-04-29T18:47:30 IST" skipped="0">
  <testcase classname="newLearning.ClassForParallelExecution" name="methodRunInParallel" time="0.005"/>
  <testcase classname="newLearning.ClassForParallelExecution" name="methodForNumericAddition" time="0.000"/>
</testsuite> <!-- newLearning.ClassForParallelExecution -->
