<?xml version="1.0" encoding="UTF-8"?>
<!-- Generated by org.testng.reporters.JUnitReportReporter -->
<testsuite hostname="AYUSH-GAMP" failures="0" tests="4" name="newLearning.TestNGLearning" time="7.664" errors="0" timestamp="2025-04-14T13:48:58 IST" skipped="0">
  <testcase classname="newLearning.TestNGLearning" name="methodOne" time="0.209"/>
  <testcase classname="newLearning.TestNGLearning" name="chromeBrowserOpen" time="1.803"/>
  <testcase classname="newLearning.TestNGLearning" name="firefoxBrowserOpen" time="3.477"/>
  <testcase classname="newLearning.TestNGLearning" name="edgeBrowserOpen" time="2.175"/>
</testsuite> <!-- newLearning.TestNGLearning -->
