<?xml version="1.0" encoding="UTF-8"?>
<!-- Generated by org.testng.reporters.JUnitReportReporter -->
<testsuite hostname="AYUSH-GAMP" failures="0" tests="3" name="learning.DataProviderClass" time="16.431" errors="0" timestamp="2025-04-14T13:37:49 IST" skipped="0">
  <testcase classname="learning.DataProviderClass" name="loginToWebsite" time="5.352"/>
  <testcase classname="learning.DataProviderClass" name="loginToWebsite" time="5.851"/>
  <testcase classname="learning.DataProviderClass" name="loginToWebsite" time="5.228"/>
</testsuite> <!-- learning.DataProviderClass -->
