<?xml version="1.0" encoding="UTF-8"?>
<!-- Generated by org.testng.reporters.JUnitReportReporter -->
<testsuite hostname="AYUSH-GAMP" failures="0" tests="4" name="newLearning.TestNGLearning" time="9.361" errors="0" timestamp="2025-04-14T18:27:09 IST" skipped="0">
  <testcase classname="newLearning.TestNGLearning" name="methodOne" time="0.174"/>
  <testcase classname="newLearning.TestNGLearning" name="chromeBrowserOpen" time="3.096"/>
  <testcase classname="newLearning.TestNGLearning" name="firefoxBrowserOpen" time="2.415"/>
  <testcase classname="newLearning.TestNGLearning" name="edgeBrowserOpen" time="3.676"/>
</testsuite> <!-- newLearning.TestNGLearning -->
